13:55:37.756  INFO  manager.ApplicationManager - All tests star in Chrome Browser
13:55:39.314  INFO  manager.ApplicationManager - Current Url -->https://telranedu.web.app/home
13:55:39.327  INFO  manager.ListenerTNG - onStart---->Gradle test
13:55:39.379  INFO  tests.TestBase - The name of starts method is --->loginSuccess
13:55:39.385  INFO  manager.ListenerWD - Before find elements  --> By.xpath: //*[text()='Sign Out']
13:55:44.440  INFO  manager.ListenerWD - After find elements  --> By.xpath: //*[text()='Sign Out']
13:55:44.444  INFO  manager.ListenerWD - List size is  --> 0
13:55:44.446  INFO  manager.ListenerTNG - onTestStart---->loginSuccess
13:55:44.459  INFO  tests.TestBase - Login with valid data: email: teddy1@gmail.com& password: Teddy1206$
13:55:44.459  INFO  manager.ListenerWD - Before find element  --> By.cssSelector: a[href='/login']
13:55:44.522  INFO  manager.ListenerWD - After find element  --> By.cssSelector: a[href='/login']
13:55:44.617  INFO  manager.ListenerWD - Before find element  --> By.cssSelector: input[placeholder='Email']
13:55:44.640  INFO  manager.ListenerWD - After find element  --> By.cssSelector: input[placeholder='Email']
13:55:44.947  INFO  manager.ListenerWD - Before find element  --> By.cssSelector: input[placeholder='Password']
13:55:44.963  INFO  manager.ListenerWD - After find element  --> By.cssSelector: input[placeholder='Password']
13:55:45.040  INFO  manager.ListenerWD - Before find element  --> By.cssSelector: button[name='login']
13:55:45.056  INFO  manager.ListenerWD - After find element  --> By.cssSelector: button[name='login']
13:55:45.082  INFO  manager.ListenerWD - Before find elements  --> By.xpath: //*[text()='Sign Out']
13:55:45.343  INFO  manager.ListenerWD - After find elements  --> By.xpath: //*[text()='Sign Out']
13:55:45.344  INFO  manager.ListenerWD - List size is  --> 1
13:55:45.346  INFO  tests.TestBase - Tests success
13:55:45.346  INFO  tests.TestBase - ---------------------------------------------------------------------------------
13:55:45.349  INFO  manager.ListenerTNG - onTestSuccessloginSuccess
13:55:45.350  INFO  tests.TestBase - The name of starts method is --->loginSuccess
13:55:45.350  INFO  manager.ListenerWD - Before find elements  --> By.xpath: //*[text()='Sign Out']
13:55:45.364  INFO  manager.ListenerWD - After find elements  --> By.xpath: //*[text()='Sign Out']
13:55:45.364  INFO  manager.ListenerWD - List size is  --> 1
13:55:45.364  INFO  manager.ListenerWD - Before find element  --> By.xpath: //*[text()='Sign Out']
13:55:45.380  INFO  manager.ListenerWD - After find element  --> By.xpath: //*[text()='Sign Out']
13:55:45.425  INFO  tests.TestBase - I need logout
13:55:45.426  INFO  manager.ListenerTNG - onTestStart---->loginSuccess
13:55:45.426  INFO  tests.TestBase - Login with valid data: email: sonya@gmail.com& password: Ss12345$
13:55:45.427  INFO  manager.ListenerWD - Before find element  --> By.cssSelector: a[href='/login']
13:55:45.443  INFO  manager.ListenerWD - After find element  --> By.cssSelector: a[href='/login']
13:55:45.467  INFO  manager.ListenerWD - Before find element  --> By.cssSelector: input[placeholder='Email']
13:55:45.482  INFO  manager.ListenerWD - After find element  --> By.cssSelector: input[placeholder='Email']
13:55:45.629  INFO  manager.ListenerWD - Before find element  --> By.cssSelector: input[placeholder='Password']
13:55:45.648  INFO  manager.ListenerWD - After find element  --> By.cssSelector: input[placeholder='Password']
13:55:45.749  INFO  manager.ListenerWD - Before find element  --> By.cssSelector: button[name='login']
13:55:45.761  INFO  manager.ListenerWD - After find element  --> By.cssSelector: button[name='login']
13:55:45.787  INFO  manager.ListenerWD - Before find elements  --> By.xpath: //*[text()='Sign Out']
13:55:45.979  INFO  manager.ListenerWD - After find elements  --> By.xpath: //*[text()='Sign Out']
13:55:45.979  INFO  manager.ListenerWD - List size is  --> 1
13:55:45.979  INFO  tests.TestBase - Tests success
13:55:45.979  INFO  tests.TestBase - ---------------------------------------------------------------------------------
13:55:45.979  INFO  manager.ListenerTNG - onTestSuccessloginSuccess
13:55:45.980  INFO  tests.TestBase - The name of starts method is --->loginSuccess
13:55:45.981  INFO  manager.ListenerWD - Before find elements  --> By.xpath: //*[text()='Sign Out']
13:55:46.003  INFO  manager.ListenerWD - After find elements  --> By.xpath: //*[text()='Sign Out']
13:55:46.003  INFO  manager.ListenerWD - List size is  --> 1
13:55:46.003  INFO  manager.ListenerWD - Before find element  --> By.xpath: //*[text()='Sign Out']
13:55:46.020  INFO  manager.ListenerWD - After find element  --> By.xpath: //*[text()='Sign Out']
13:55:46.051  INFO  tests.TestBase - I need logout
13:55:46.052  INFO  manager.ListenerTNG - onTestStart---->loginSuccess
13:55:46.053  INFO  tests.TestBase - Login with valid data: email: noa@gmail.com& password: Nnoa12345$
13:55:46.053  INFO  manager.ListenerWD - Before find element  --> By.cssSelector: a[href='/login']
13:55:46.071  INFO  manager.ListenerWD - After find element  --> By.cssSelector: a[href='/login']
13:55:46.109  INFO  manager.ListenerWD - Before find element  --> By.cssSelector: input[placeholder='Email']
13:55:46.123  INFO  manager.ListenerWD - After find element  --> By.cssSelector: input[placeholder='Email']
13:55:46.237  INFO  manager.ListenerWD - Before find element  --> By.cssSelector: input[placeholder='Password']
13:55:46.246  INFO  manager.ListenerWD - After find element  --> By.cssSelector: input[placeholder='Password']
13:55:46.334  INFO  manager.ListenerWD - Before find element  --> By.cssSelector: button[name='login']
13:55:46.347  INFO  manager.ListenerWD - After find element  --> By.cssSelector: button[name='login']
13:55:46.373  INFO  manager.ListenerWD - Before find elements  --> By.xpath: //*[text()='Sign Out']
13:55:46.571  INFO  manager.ListenerWD - After find elements  --> By.xpath: //*[text()='Sign Out']
13:55:46.572  INFO  manager.ListenerWD - List size is  --> 1
13:55:46.572  INFO  tests.TestBase - Tests success
13:55:46.572  INFO  tests.TestBase - ---------------------------------------------------------------------------------
13:55:46.572  INFO  manager.ListenerTNG - onTestSuccessloginSuccess
13:55:46.574  INFO  manager.ListenerTNG - onFinish---->Gradle test
