18:05:48.841  INFO  manager.ApplicationManager - All tests star in Chrome Browser
18:05:50.090  INFO  manager.ApplicationManager - Current Url -->https://telranedu.web.app/home
18:05:50.120  INFO  tests.TestBase - The name of starts method is --->addNewContactSuccessAllFields
18:05:50.122  INFO  manager.ListenerWD - Before find elements  --> By.xpath: //*[text()='Sign Out']
18:05:55.188  INFO  manager.ListenerWD - After find elements  --> By.xpath: //*[text()='Sign Out']
18:05:55.190  INFO  manager.ListenerWD - List size is  --> 0
18:05:55.192  INFO  manager.ListenerWD - Before find element  --> By.cssSelector: a[href='/login']
18:05:55.217  INFO  manager.ListenerWD - After find element  --> By.cssSelector: a[href='/login']
18:05:55.324  INFO  manager.ListenerWD - Before find element  --> By.cssSelector: input[placeholder='Email']
18:05:55.346  INFO  manager.ListenerWD - After find element  --> By.cssSelector: input[placeholder='Email']
18:05:55.448  INFO  manager.ListenerWD - Before find element  --> By.cssSelector: input[placeholder='Password']
18:05:55.476  INFO  manager.ListenerWD - After find element  --> By.cssSelector: input[placeholder='Password']
18:05:55.549  INFO  manager.ListenerWD - Before find element  --> By.cssSelector: button[name='login']
18:05:55.564  INFO  manager.ListenerWD - After find element  --> By.cssSelector: button[name='login']
18:05:55.603  INFO  tests.TestBase - Tests start with data : Contact(name=Tom1005, lastName=Chan, phone=1929451005, email=tom1005@gmail.com, address=USA, description=friend)
18:05:55.604  INFO  manager.ListenerWD - Before find element  --> By.cssSelector: a[href='/add']
18:05:56.119  INFO  manager.ListenerWD - After find element  --> By.cssSelector: a[href='/add']
18:05:56.166  INFO  manager.ListenerWD - Before find element  --> By.cssSelector: input[placeholder='Name']
18:05:56.189  INFO  manager.ListenerWD - After find element  --> By.cssSelector: input[placeholder='Name']
18:05:56.291  INFO  manager.ListenerWD - Before find element  --> By.cssSelector: input[placeholder='Last Name']
18:05:56.305  INFO  manager.ListenerWD - After find element  --> By.cssSelector: input[placeholder='Last Name']
18:05:56.373  INFO  manager.ListenerWD - Before find element  --> By.cssSelector: input[placeholder='Phone']
18:05:56.422  INFO  manager.ListenerWD - After find element  --> By.cssSelector: input[placeholder='Phone']
18:05:56.497  INFO  manager.ListenerWD - Before find element  --> By.cssSelector: input[placeholder='email']
18:05:56.512  INFO  manager.ListenerWD - After find element  --> By.cssSelector: input[placeholder='email']
18:05:56.586  INFO  manager.ListenerWD - Before find element  --> By.cssSelector: input[placeholder='Address']
18:05:56.600  INFO  manager.ListenerWD - After find element  --> By.cssSelector: input[placeholder='Address']
18:05:56.674  INFO  manager.ListenerWD - Before find element  --> By.cssSelector: input[placeholder='description']
18:05:56.688  INFO  manager.ListenerWD - After find element  --> By.cssSelector: input[placeholder='description']
18:05:56.753  INFO  manager.ListenerWD - Before find element  --> By.xpath: //b[text()='Save']
18:05:56.767  INFO  manager.ListenerWD - After find element  --> By.xpath: //b[text()='Save']
18:05:56.788  INFO  manager.ListenerWD - Before find elements  --> By.cssSelector: h2
18:05:57.123  INFO  manager.ListenerWD - After find elements  --> By.cssSelector: h2
18:05:57.123  INFO  manager.ListenerWD - List size is  --> 35
18:05:57.483  INFO  manager.ListenerWD - Before find elements  --> By.cssSelector: h3
18:05:57.588  INFO  manager.ListenerWD - After find elements  --> By.cssSelector: h3
18:05:57.588  INFO  manager.ListenerWD - List size is  --> 35
18:05:57.957  INFO  manager.ListenerWD - Before find elements  --> By.cssSelector: .contact-item_card__2SOIM
18:05:58.060  INFO  manager.ListenerWD - After find elements  --> By.cssSelector: .contact-item_card__2SOIM
18:05:58.061  INFO  manager.ListenerWD - List size is  --> 35
18:05:58.098  INFO  manager.ListenerWD - Before find element  --> By.cssSelector: .contact-item-detailed_card__50dTS
18:05:58.112  INFO  manager.ListenerWD - After find element  --> By.cssSelector: .contact-item-detailed_card__50dTS
18:05:58.150  INFO  manager.ListenerWD - Before find element  --> By.cssSelector: .contact-item-detailed_card__50dTS
18:05:58.160  INFO  manager.ListenerWD - After find element  --> By.cssSelector: .contact-item-detailed_card__50dTS
18:05:58.196  INFO  manager.ListenerWD - Before find element  --> By.cssSelector: .contact-item-detailed_card__50dTS
18:05:58.208  INFO  manager.ListenerWD - After find element  --> By.cssSelector: .contact-item-detailed_card__50dTS
18:05:58.251  INFO  manager.ListenerWD - Before find element  --> By.cssSelector: .contact-item-detailed_card__50dTS
18:05:58.263  INFO  manager.ListenerWD - After find element  --> By.cssSelector: .contact-item-detailed_card__50dTS
18:05:58.297  INFO  manager.ListenerWD - Before find element  --> By.cssSelector: .contact-item-detailed_card__50dTS
18:05:58.307  INFO  manager.ListenerWD - After find element  --> By.cssSelector: .contact-item-detailed_card__50dTS
18:05:58.339  INFO  manager.ListenerWD - Before find element  --> By.cssSelector: .contact-item-detailed_card__50dTS
18:05:58.347  INFO  manager.ListenerWD - After find element  --> By.cssSelector: .contact-item-detailed_card__50dTS
18:05:58.379  INFO  manager.ListenerWD - Before find element  --> By.cssSelector: .contact-item-detailed_card__50dTS
18:05:58.388  INFO  manager.ListenerWD - After find element  --> By.cssSelector: .contact-item-detailed_card__50dTS
18:05:58.420  INFO  manager.ListenerWD - Before find element  --> By.cssSelector: .contact-item-detailed_card__50dTS
18:05:58.430  INFO  manager.ListenerWD - After find element  --> By.cssSelector: .contact-item-detailed_card__50dTS
18:05:58.458  INFO  manager.ListenerWD - Before find element  --> By.cssSelector: .contact-item-detailed_card__50dTS
18:05:58.471  INFO  manager.ListenerWD - After find element  --> By.cssSelector: .contact-item-detailed_card__50dTS
18:05:58.506  INFO  manager.ListenerWD - Before find element  --> By.cssSelector: .contact-item-detailed_card__50dTS
18:05:58.517  INFO  manager.ListenerWD - After find element  --> By.cssSelector: .contact-item-detailed_card__50dTS
18:05:58.556  INFO  manager.ListenerWD - Before find element  --> By.cssSelector: .contact-item-detailed_card__50dTS
18:05:58.567  INFO  manager.ListenerWD - After find element  --> By.cssSelector: .contact-item-detailed_card__50dTS
18:05:58.603  INFO  manager.ListenerWD - Before find element  --> By.cssSelector: .contact-item-detailed_card__50dTS
18:05:58.614  INFO  manager.ListenerWD - After find element  --> By.cssSelector: .contact-item-detailed_card__50dTS
18:05:58.652  INFO  manager.ListenerWD - Before find element  --> By.cssSelector: .contact-item-detailed_card__50dTS
18:05:58.664  INFO  manager.ListenerWD - After find element  --> By.cssSelector: .contact-item-detailed_card__50dTS
18:05:58.693  INFO  manager.ListenerWD - Before find element  --> By.cssSelector: .contact-item-detailed_card__50dTS
18:05:58.702  INFO  manager.ListenerWD - After find element  --> By.cssSelector: .contact-item-detailed_card__50dTS
18:05:58.730  INFO  manager.ListenerWD - Before find element  --> By.cssSelector: .contact-item-detailed_card__50dTS
18:05:58.740  INFO  manager.ListenerWD - After find element  --> By.cssSelector: .contact-item-detailed_card__50dTS
18:05:58.768  INFO  manager.ListenerWD - Before find element  --> By.cssSelector: .contact-item-detailed_card__50dTS
18:05:58.776  INFO  manager.ListenerWD - After find element  --> By.cssSelector: .contact-item-detailed_card__50dTS
18:05:58.808  INFO  manager.ListenerWD - Before find element  --> By.cssSelector: .contact-item-detailed_card__50dTS
18:05:58.818  INFO  manager.ListenerWD - After find element  --> By.cssSelector: .contact-item-detailed_card__50dTS
18:05:58.851  INFO  manager.ListenerWD - Before find element  --> By.cssSelector: .contact-item-detailed_card__50dTS
18:05:58.862  INFO  manager.ListenerWD - After find element  --> By.cssSelector: .contact-item-detailed_card__50dTS
18:05:58.895  INFO  manager.ListenerWD - Before find element  --> By.cssSelector: .contact-item-detailed_card__50dTS
18:05:58.904  INFO  manager.ListenerWD - After find element  --> By.cssSelector: .contact-item-detailed_card__50dTS
18:05:58.943  INFO  manager.ListenerWD - Before find element  --> By.cssSelector: .contact-item-detailed_card__50dTS
18:05:58.954  INFO  manager.ListenerWD - After find element  --> By.cssSelector: .contact-item-detailed_card__50dTS
18:05:58.991  INFO  manager.ListenerWD - Before find element  --> By.cssSelector: .contact-item-detailed_card__50dTS
18:05:58.998  INFO  manager.ListenerWD - After find element  --> By.cssSelector: .contact-item-detailed_card__50dTS
18:05:59.040  INFO  manager.ListenerWD - Before find element  --> By.cssSelector: .contact-item-detailed_card__50dTS
18:05:59.051  INFO  manager.ListenerWD - After find element  --> By.cssSelector: .contact-item-detailed_card__50dTS
18:05:59.081  INFO  manager.ListenerWD - Before find element  --> By.cssSelector: .contact-item-detailed_card__50dTS
18:05:59.091  INFO  manager.ListenerWD - After find element  --> By.cssSelector: .contact-item-detailed_card__50dTS
18:05:59.124  INFO  manager.ListenerWD - Before find element  --> By.cssSelector: .contact-item-detailed_card__50dTS
18:05:59.132  INFO  manager.ListenerWD - After find element  --> By.cssSelector: .contact-item-detailed_card__50dTS
18:05:59.167  INFO  manager.ListenerWD - Before find element  --> By.cssSelector: .contact-item-detailed_card__50dTS
18:05:59.182  INFO  manager.ListenerWD - After find element  --> By.cssSelector: .contact-item-detailed_card__50dTS
18:05:59.218  INFO  manager.ListenerWD - Before find element  --> By.cssSelector: .contact-item-detailed_card__50dTS
18:05:59.229  INFO  manager.ListenerWD - After find element  --> By.cssSelector: .contact-item-detailed_card__50dTS
18:05:59.260  INFO  manager.ListenerWD - Before find element  --> By.cssSelector: .contact-item-detailed_card__50dTS
18:05:59.270  INFO  manager.ListenerWD - After find element  --> By.cssSelector: .contact-item-detailed_card__50dTS
18:05:59.303  INFO  manager.ListenerWD - Before find element  --> By.cssSelector: .contact-item-detailed_card__50dTS
18:05:59.311  INFO  manager.ListenerWD - After find element  --> By.cssSelector: .contact-item-detailed_card__50dTS
18:05:59.346  INFO  manager.ListenerWD - Before find element  --> By.cssSelector: .contact-item-detailed_card__50dTS
18:05:59.361  INFO  manager.ListenerWD - After find element  --> By.cssSelector: .contact-item-detailed_card__50dTS
18:05:59.402  INFO  manager.ListenerWD - Before find element  --> By.cssSelector: .contact-item-detailed_card__50dTS
18:05:59.412  INFO  manager.ListenerWD - After find element  --> By.cssSelector: .contact-item-detailed_card__50dTS
18:05:59.456  INFO  manager.ListenerWD - Before find element  --> By.cssSelector: .contact-item-detailed_card__50dTS
18:05:59.469  INFO  manager.ListenerWD - After find element  --> By.cssSelector: .contact-item-detailed_card__50dTS
18:05:59.502  INFO  manager.ListenerWD - Before find element  --> By.cssSelector: .contact-item-detailed_card__50dTS
18:05:59.512  INFO  manager.ListenerWD - After find element  --> By.cssSelector: .contact-item-detailed_card__50dTS
18:05:59.549  INFO  manager.ListenerWD - Before find element  --> By.cssSelector: .contact-item-detailed_card__50dTS
18:05:59.560  INFO  manager.ListenerWD - After find element  --> By.cssSelector: .contact-item-detailed_card__50dTS
18:05:59.598  INFO  manager.ListenerWD - Before find element  --> By.cssSelector: .contact-item-detailed_card__50dTS
18:05:59.608  INFO  manager.ListenerWD - After find element  --> By.cssSelector: .contact-item-detailed_card__50dTS
18:05:59.640  INFO  manager.ListenerWD - Before find element  --> By.cssSelector: .contact-item-detailed_card__50dTS
18:05:59.647  INFO  manager.ListenerWD - After find element  --> By.cssSelector: .contact-item-detailed_card__50dTS
18:05:59.658  INFO  tests.TestBase - The name of starts method is --->addNewContactSuccessRequiredFields
18:05:59.659  INFO  manager.ListenerWD - Before find elements  --> By.xpath: //*[text()='Sign Out']
18:05:59.668  INFO  manager.ListenerWD - After find elements  --> By.xpath: //*[text()='Sign Out']
18:05:59.668  INFO  manager.ListenerWD - List size is  --> 1
18:05:59.669  INFO  manager.ListenerWD - Before find element  --> By.cssSelector: a[href='/add']
18:05:59.676  INFO  manager.ListenerWD - After find element  --> By.cssSelector: a[href='/add']
18:05:59.691  INFO  manager.ListenerWD - Before find element  --> By.cssSelector: input[placeholder='Name']
18:05:59.701  INFO  manager.ListenerWD - After find element  --> By.cssSelector: input[placeholder='Name']
18:05:59.778  INFO  manager.ListenerWD - Before find element  --> By.cssSelector: input[placeholder='Last Name']
18:05:59.785  INFO  manager.ListenerWD - After find element  --> By.cssSelector: input[placeholder='Last Name']
18:05:59.843  INFO  manager.ListenerWD - Before find element  --> By.cssSelector: input[placeholder='Phone']
18:05:59.852  INFO  manager.ListenerWD - After find element  --> By.cssSelector: input[placeholder='Phone']
18:05:59.914  INFO  manager.ListenerWD - Before find element  --> By.cssSelector: input[placeholder='email']
18:05:59.923  INFO  manager.ListenerWD - After find element  --> By.cssSelector: input[placeholder='email']
18:05:59.992  INFO  manager.ListenerWD - Before find element  --> By.cssSelector: input[placeholder='Address']
18:06:00.001  INFO  manager.ListenerWD - After find element  --> By.cssSelector: input[placeholder='Address']
18:06:00.085  INFO  manager.ListenerWD - Before find element  --> By.cssSelector: input[placeholder='description']
18:06:00.095  INFO  manager.ListenerWD - After find element  --> By.cssSelector: input[placeholder='description']
18:06:00.158  INFO  manager.ListenerWD - Before find element  --> By.xpath: //b[text()='Save']
18:06:00.165  INFO  manager.ListenerWD - After find element  --> By.xpath: //b[text()='Save']
18:06:00.186  INFO  manager.ListenerWD - Before find elements  --> By.cssSelector: h2
18:06:00.459  INFO  manager.ListenerWD - After find elements  --> By.cssSelector: h2
18:06:00.459  INFO  manager.ListenerWD - List size is  --> 36
18:06:00.868  INFO  manager.ListenerWD - Before find elements  --> By.cssSelector: h3
18:06:00.957  INFO  manager.ListenerWD - After find elements  --> By.cssSelector: h3
18:06:00.957  INFO  manager.ListenerWD - List size is  --> 36
18:06:01.387  INFO  manager.ListenerWD - Before find elements  --> By.cssSelector: .contact-item_card__2SOIM
18:06:01.469  INFO  manager.ListenerWD - After find elements  --> By.cssSelector: .contact-item_card__2SOIM
18:06:01.469  INFO  manager.ListenerWD - List size is  --> 36
18:06:01.499  INFO  manager.ListenerWD - Before find element  --> By.cssSelector: .contact-item-detailed_card__50dTS
18:06:01.511  INFO  manager.ListenerWD - After find element  --> By.cssSelector: .contact-item-detailed_card__50dTS
18:06:01.556  INFO  manager.ListenerWD - Before find element  --> By.cssSelector: .contact-item-detailed_card__50dTS
18:06:01.568  INFO  manager.ListenerWD - After find element  --> By.cssSelector: .contact-item-detailed_card__50dTS
18:06:01.604  INFO  manager.ListenerWD - Before find element  --> By.cssSelector: .contact-item-detailed_card__50dTS
18:06:01.616  INFO  manager.ListenerWD - After find element  --> By.cssSelector: .contact-item-detailed_card__50dTS
18:06:01.656  INFO  manager.ListenerWD - Before find element  --> By.cssSelector: .contact-item-detailed_card__50dTS
18:06:01.669  INFO  manager.ListenerWD - After find element  --> By.cssSelector: .contact-item-detailed_card__50dTS
18:06:01.708  INFO  manager.ListenerWD - Before find element  --> By.cssSelector: .contact-item-detailed_card__50dTS
18:06:01.720  INFO  manager.ListenerWD - After find element  --> By.cssSelector: .contact-item-detailed_card__50dTS
18:06:01.758  INFO  manager.ListenerWD - Before find element  --> By.cssSelector: .contact-item-detailed_card__50dTS
18:06:01.769  INFO  manager.ListenerWD - After find element  --> By.cssSelector: .contact-item-detailed_card__50dTS
18:06:01.808  INFO  manager.ListenerWD - Before find element  --> By.cssSelector: .contact-item-detailed_card__50dTS
18:06:01.821  INFO  manager.ListenerWD - After find element  --> By.cssSelector: .contact-item-detailed_card__50dTS
18:06:01.852  INFO  manager.ListenerWD - Before find element  --> By.cssSelector: .contact-item-detailed_card__50dTS
18:06:01.859  INFO  manager.ListenerWD - After find element  --> By.cssSelector: .contact-item-detailed_card__50dTS
18:06:01.889  INFO  manager.ListenerWD - Before find element  --> By.cssSelector: .contact-item-detailed_card__50dTS
18:06:01.897  INFO  manager.ListenerWD - After find element  --> By.cssSelector: .contact-item-detailed_card__50dTS
18:06:01.926  INFO  manager.ListenerWD - Before find element  --> By.cssSelector: .contact-item-detailed_card__50dTS
18:06:01.935  INFO  manager.ListenerWD - After find element  --> By.cssSelector: .contact-item-detailed_card__50dTS
18:06:01.964  INFO  manager.ListenerWD - Before find element  --> By.cssSelector: .contact-item-detailed_card__50dTS
18:06:01.974  INFO  manager.ListenerWD - After find element  --> By.cssSelector: .contact-item-detailed_card__50dTS
18:06:02.004  INFO  manager.ListenerWD - Before find element  --> By.cssSelector: .contact-item-detailed_card__50dTS
18:06:02.010  INFO  manager.ListenerWD - After find element  --> By.cssSelector: .contact-item-detailed_card__50dTS
18:06:02.042  INFO  manager.ListenerWD - Before find element  --> By.cssSelector: .contact-item-detailed_card__50dTS
18:06:02.052  INFO  manager.ListenerWD - After find element  --> By.cssSelector: .contact-item-detailed_card__50dTS
18:06:02.091  INFO  manager.ListenerWD - Before find element  --> By.cssSelector: .contact-item-detailed_card__50dTS
18:06:02.098  INFO  manager.ListenerWD - After find element  --> By.cssSelector: .contact-item-detailed_card__50dTS
18:06:02.132  INFO  manager.ListenerWD - Before find element  --> By.cssSelector: .contact-item-detailed_card__50dTS
18:06:02.143  INFO  manager.ListenerWD - After find element  --> By.cssSelector: .contact-item-detailed_card__50dTS
18:06:02.173  INFO  manager.ListenerWD - Before find element  --> By.cssSelector: .contact-item-detailed_card__50dTS
18:06:02.182  INFO  manager.ListenerWD - After find element  --> By.cssSelector: .contact-item-detailed_card__50dTS
18:06:02.212  INFO  manager.ListenerWD - Before find element  --> By.cssSelector: .contact-item-detailed_card__50dTS
18:06:02.222  INFO  manager.ListenerWD - After find element  --> By.cssSelector: .contact-item-detailed_card__50dTS
18:06:02.255  INFO  manager.ListenerWD - Before find element  --> By.cssSelector: .contact-item-detailed_card__50dTS
18:06:02.263  INFO  manager.ListenerWD - After find element  --> By.cssSelector: .contact-item-detailed_card__50dTS
18:06:02.296  INFO  manager.ListenerWD - Before find element  --> By.cssSelector: .contact-item-detailed_card__50dTS
18:06:02.305  INFO  manager.ListenerWD - After find element  --> By.cssSelector: .contact-item-detailed_card__50dTS
18:06:02.337  INFO  manager.ListenerWD - Before find element  --> By.cssSelector: .contact-item-detailed_card__50dTS
18:06:02.344  INFO  manager.ListenerWD - After find element  --> By.cssSelector: .contact-item-detailed_card__50dTS
18:06:02.378  INFO  manager.ListenerWD - Before find element  --> By.cssSelector: .contact-item-detailed_card__50dTS
18:06:02.388  INFO  manager.ListenerWD - After find element  --> By.cssSelector: .contact-item-detailed_card__50dTS
18:06:02.423  INFO  manager.ListenerWD - Before find element  --> By.cssSelector: .contact-item-detailed_card__50dTS
18:06:02.429  INFO  manager.ListenerWD - After find element  --> By.cssSelector: .contact-item-detailed_card__50dTS
18:06:02.471  INFO  manager.ListenerWD - Before find element  --> By.cssSelector: .contact-item-detailed_card__50dTS
18:06:02.483  INFO  manager.ListenerWD - After find element  --> By.cssSelector: .contact-item-detailed_card__50dTS
18:06:02.521  INFO  manager.ListenerWD - Before find element  --> By.cssSelector: .contact-item-detailed_card__50dTS
18:06:02.528  INFO  manager.ListenerWD - After find element  --> By.cssSelector: .contact-item-detailed_card__50dTS
18:06:02.562  INFO  manager.ListenerWD - Before find element  --> By.cssSelector: .contact-item-detailed_card__50dTS
18:06:02.571  INFO  manager.ListenerWD - After find element  --> By.cssSelector: .contact-item-detailed_card__50dTS
18:06:02.601  INFO  manager.ListenerWD - Before find element  --> By.cssSelector: .contact-item-detailed_card__50dTS
18:06:02.608  INFO  manager.ListenerWD - After find element  --> By.cssSelector: .contact-item-detailed_card__50dTS
18:06:02.641  INFO  manager.ListenerWD - Before find element  --> By.cssSelector: .contact-item-detailed_card__50dTS
18:06:02.652  INFO  manager.ListenerWD - After find element  --> By.cssSelector: .contact-item-detailed_card__50dTS
18:06:02.693  INFO  manager.ListenerWD - Before find element  --> By.cssSelector: .contact-item-detailed_card__50dTS
18:06:02.704  INFO  manager.ListenerWD - After find element  --> By.cssSelector: .contact-item-detailed_card__50dTS
18:06:02.740  INFO  manager.ListenerWD - Before find element  --> By.cssSelector: .contact-item-detailed_card__50dTS
18:06:02.751  INFO  manager.ListenerWD - After find element  --> By.cssSelector: .contact-item-detailed_card__50dTS
18:06:02.792  INFO  manager.ListenerWD - Before find element  --> By.cssSelector: .contact-item-detailed_card__50dTS
18:06:02.800  INFO  manager.ListenerWD - After find element  --> By.cssSelector: .contact-item-detailed_card__50dTS
18:06:02.836  INFO  manager.ListenerWD - Before find element  --> By.cssSelector: .contact-item-detailed_card__50dTS
18:06:02.846  INFO  manager.ListenerWD - After find element  --> By.cssSelector: .contact-item-detailed_card__50dTS
18:06:02.884  INFO  manager.ListenerWD - Before find element  --> By.cssSelector: .contact-item-detailed_card__50dTS
18:06:02.893  INFO  manager.ListenerWD - After find element  --> By.cssSelector: .contact-item-detailed_card__50dTS
18:06:02.928  INFO  manager.ListenerWD - Before find element  --> By.cssSelector: .contact-item-detailed_card__50dTS
18:06:02.939  INFO  manager.ListenerWD - After find element  --> By.cssSelector: .contact-item-detailed_card__50dTS
18:06:02.978  INFO  manager.ListenerWD - Before find element  --> By.cssSelector: .contact-item-detailed_card__50dTS
18:06:02.989  INFO  manager.ListenerWD - After find element  --> By.cssSelector: .contact-item-detailed_card__50dTS
18:06:03.022  INFO  manager.ListenerWD - Before find element  --> By.cssSelector: .contact-item-detailed_card__50dTS
18:06:03.032  INFO  manager.ListenerWD - After find element  --> By.cssSelector: .contact-item-detailed_card__50dTS
18:06:03.063  INFO  manager.ListenerWD - Before find element  --> By.cssSelector: .contact-item-detailed_card__50dTS
18:06:03.071  INFO  manager.ListenerWD - After find element  --> By.cssSelector: .contact-item-detailed_card__50dTS
18:06:03.078  INFO  tests.TestBase - The name of starts method is --->addNewContactWrongEmail
18:06:03.078  INFO  manager.ListenerWD - Before find elements  --> By.xpath: //*[text()='Sign Out']
18:06:03.087  INFO  manager.ListenerWD - After find elements  --> By.xpath: //*[text()='Sign Out']
18:06:03.087  INFO  manager.ListenerWD - List size is  --> 1
18:06:03.087  INFO  manager.ListenerWD - Before find element  --> By.cssSelector: a[href='/add']
18:06:03.114  INFO  manager.ListenerWD - After find element  --> By.cssSelector: a[href='/add']
18:06:03.133  INFO  manager.ListenerWD - Before find element  --> By.cssSelector: input[placeholder='Name']
18:06:03.149  INFO  manager.ListenerWD - After find element  --> By.cssSelector: input[placeholder='Name']
18:06:03.231  INFO  manager.ListenerWD - Before find element  --> By.cssSelector: input[placeholder='Last Name']
18:06:03.238  INFO  manager.ListenerWD - After find element  --> By.cssSelector: input[placeholder='Last Name']
18:06:03.326  INFO  manager.ListenerWD - Before find element  --> By.cssSelector: input[placeholder='Phone']
18:06:03.337  INFO  manager.ListenerWD - After find element  --> By.cssSelector: input[placeholder='Phone']
18:06:03.575  INFO  manager.ListenerWD - Before find element  --> By.cssSelector: input[placeholder='email']
18:06:03.588  INFO  manager.ListenerWD - After find element  --> By.cssSelector: input[placeholder='email']
18:06:03.685  INFO  manager.ListenerWD - Before find element  --> By.cssSelector: input[placeholder='Address']
18:06:03.695  INFO  manager.ListenerWD - After find element  --> By.cssSelector: input[placeholder='Address']
18:06:03.776  INFO  manager.ListenerWD - Before find element  --> By.cssSelector: input[placeholder='description']
18:06:03.788  INFO  manager.ListenerWD - After find element  --> By.cssSelector: input[placeholder='description']
18:06:03.901  INFO  manager.ListenerWD - Before find element  --> By.xpath: //b[text()='Save']
18:06:03.920  INFO  manager.ListenerWD - After find element  --> By.xpath: //b[text()='Save']
18:06:03.959  INFO  manager.ListenerWD - Before find elements  --> By.cssSelector: a.active[href='/add']
18:06:03.981  INFO  manager.ListenerWD - After find elements  --> By.cssSelector: a.active[href='/add']
18:06:03.981  INFO  manager.ListenerWD - List size is  --> 1
18:06:04.006  INFO  manager.ListenerWD - Tests have a 'problem'
18:06:04.006  INFO  manager.ListenerWD - -------------------------------------------------
18:06:04.007  INFO  manager.ListenerWD - Method methodalert
18:06:04.007  INFO  manager.ListenerWD - -------------------------------------------------
18:06:04.008  INFO  manager.ListenerWD - InvocationTargetException getTargetExceptionorg.openqa.selenium.NoAlertPresentException: no such alert
  (Session info: chrome=109.0.5414.120)
Build info: version: '4.7.1', revision: 'c6795baf1a3'
System info: os.name: 'Windows 11', os.arch: 'amd64', os.version: '10.0', java.version: '11.0.17'
Driver info: org.openqa.selenium.chrome.ChromeDriver
Command: [7e3c17a542fc61fa07034dd191665292, getAlertText {}]
Capabilities {acceptInsecureCerts: false, browserName: chrome, browserVersion: 109.0.5414.120, chrome: {chromedriverVersion: 109.0.5414.74 (e7c5703604da..., userDataDir: C:\Users\shulg\AppData\Loca...}, goog:chromeOptions: {debuggerAddress: localhost:54313}, networkConnectionEnabled: false, pageLoadStrategy: normal, platformName: WINDOWS, proxy: Proxy(), se:cdp: ws://localhost:54313/devtoo..., se:cdpVersion: 109.0.5414.120, setWindowRect: true, strictFileInteractability: false, timeouts: {implicit: 0, pageLoad: 300000, script: 30000}, unhandledPromptBehavior: dismiss and notify, webauthn:extension:credBlob: true, webauthn:extension:largeBlob: true, webauthn:virtualAuthenticators: true}
Session ID: 7e3c17a542fc61fa07034dd191665292
18:06:04.008  INFO  manager.ListenerWD - -------------------------------------------------
18:06:04.009  INFO  manager.ListenerWD - Object targetorg.openqa.selenium.remote.RemoteWebDriver$RemoteTargetLocator@3d3930fe
18:06:04.009  INFO  manager.ListenerWD - -------------------------------------------------
18:06:04.533  INFO  tests.TestBase - The name of starts method is --->addNewContactWrongLastName
18:06:04.535  INFO  manager.ListenerWD - Before find elements  --> By.xpath: //*[text()='Sign Out']
18:06:04.548  INFO  manager.ListenerWD - After find elements  --> By.xpath: //*[text()='Sign Out']
18:06:04.548  INFO  manager.ListenerWD - List size is  --> 1
18:06:04.552  INFO  manager.ListenerWD - Before find element  --> By.cssSelector: a[href='/add']
18:06:04.566  INFO  manager.ListenerWD - After find element  --> By.cssSelector: a[href='/add']
18:06:04.590  INFO  manager.ListenerWD - Before find element  --> By.cssSelector: input[placeholder='Name']
18:06:04.604  INFO  manager.ListenerWD - After find element  --> By.cssSelector: input[placeholder='Name']
18:06:04.693  INFO  manager.ListenerWD - Before find element  --> By.cssSelector: input[placeholder='Last Name']
18:06:04.706  INFO  manager.ListenerWD - After find element  --> By.cssSelector: input[placeholder='Last Name']
18:06:04.783  INFO  manager.ListenerWD - Before find element  --> By.cssSelector: input[placeholder='Phone']
18:06:04.795  INFO  manager.ListenerWD - After find element  --> By.cssSelector: input[placeholder='Phone']
18:06:04.900  INFO  manager.ListenerWD - Before find element  --> By.cssSelector: input[placeholder='email']
18:06:04.917  INFO  manager.ListenerWD - After find element  --> By.cssSelector: input[placeholder='email']
18:06:05.044  INFO  manager.ListenerWD - Before find element  --> By.cssSelector: input[placeholder='Address']
18:06:05.055  INFO  manager.ListenerWD - After find element  --> By.cssSelector: input[placeholder='Address']
18:06:05.148  INFO  manager.ListenerWD - Before find element  --> By.cssSelector: input[placeholder='description']
18:06:05.158  INFO  manager.ListenerWD - After find element  --> By.cssSelector: input[placeholder='description']
18:06:05.249  INFO  manager.ListenerWD - Before find element  --> By.xpath: //b[text()='Save']
18:06:05.257  INFO  manager.ListenerWD - After find element  --> By.xpath: //b[text()='Save']
18:06:05.274  INFO  manager.ListenerWD - Before find elements  --> By.cssSelector: a.active[href='/add']
18:06:05.285  INFO  manager.ListenerWD - After find elements  --> By.cssSelector: a.active[href='/add']
18:06:05.285  INFO  manager.ListenerWD - List size is  --> 1
18:06:05.286  INFO  tests.TestBase - The name of starts method is --->addNewContactWrongName
18:06:05.286  INFO  manager.ListenerWD - Before find elements  --> By.xpath: //*[text()='Sign Out']
18:06:05.295  INFO  manager.ListenerWD - After find elements  --> By.xpath: //*[text()='Sign Out']
18:06:05.295  INFO  manager.ListenerWD - List size is  --> 1
18:06:05.296  INFO  manager.ListenerWD - Before find element  --> By.cssSelector: a[href='/add']
18:06:05.304  INFO  manager.ListenerWD - After find element  --> By.cssSelector: a[href='/add']
18:06:05.325  INFO  manager.ListenerWD - Before find element  --> By.cssSelector: input[placeholder='Name']
18:06:05.337  INFO  manager.ListenerWD - After find element  --> By.cssSelector: input[placeholder='Name']
18:06:05.403  INFO  manager.ListenerWD - Before find element  --> By.cssSelector: input[placeholder='Last Name']
18:06:05.410  INFO  manager.ListenerWD - After find element  --> By.cssSelector: input[placeholder='Last Name']
18:06:05.474  INFO  manager.ListenerWD - Before find element  --> By.cssSelector: input[placeholder='Phone']
18:06:05.485  INFO  manager.ListenerWD - After find element  --> By.cssSelector: input[placeholder='Phone']
18:06:05.564  INFO  manager.ListenerWD - Before find element  --> By.cssSelector: input[placeholder='email']
18:06:05.573  INFO  manager.ListenerWD - After find element  --> By.cssSelector: input[placeholder='email']
18:06:05.660  INFO  manager.ListenerWD - Before find element  --> By.cssSelector: input[placeholder='Address']
18:06:05.670  INFO  manager.ListenerWD - After find element  --> By.cssSelector: input[placeholder='Address']
18:06:05.740  INFO  manager.ListenerWD - Before find element  --> By.cssSelector: input[placeholder='description']
18:06:05.751  INFO  manager.ListenerWD - After find element  --> By.cssSelector: input[placeholder='description']
18:06:05.839  INFO  manager.ListenerWD - Before find element  --> By.xpath: //b[text()='Save']
18:06:05.848  INFO  manager.ListenerWD - After find element  --> By.xpath: //b[text()='Save']
18:06:05.870  INFO  manager.ListenerWD - Before find elements  --> By.cssSelector: a.active[href='/add']
18:06:05.880  INFO  manager.ListenerWD - After find elements  --> By.cssSelector: a.active[href='/add']
18:06:05.881  INFO  manager.ListenerWD - List size is  --> 1
18:06:05.883  INFO  tests.TestBase - The name of starts method is --->addNewContactWrongPhone
18:06:05.884  INFO  manager.ListenerWD - Before find elements  --> By.xpath: //*[text()='Sign Out']
18:06:05.895  INFO  manager.ListenerWD - After find elements  --> By.xpath: //*[text()='Sign Out']
18:06:05.895  INFO  manager.ListenerWD - List size is  --> 1
18:06:05.896  INFO  manager.ListenerWD - Before find element  --> By.cssSelector: a[href='/add']
18:06:05.907  INFO  manager.ListenerWD - After find element  --> By.cssSelector: a[href='/add']
18:06:05.933  INFO  manager.ListenerWD - Before find element  --> By.cssSelector: input[placeholder='Name']
18:06:05.946  INFO  manager.ListenerWD - After find element  --> By.cssSelector: input[placeholder='Name']
18:06:06.036  INFO  manager.ListenerWD - Before find element  --> By.cssSelector: input[placeholder='Last Name']
18:06:06.046  INFO  manager.ListenerWD - After find element  --> By.cssSelector: input[placeholder='Last Name']
18:06:06.139  INFO  manager.ListenerWD - Before find element  --> By.cssSelector: input[placeholder='Phone']
18:06:06.150  INFO  manager.ListenerWD - After find element  --> By.cssSelector: input[placeholder='Phone']
18:06:06.256  INFO  manager.ListenerWD - Before find element  --> By.cssSelector: input[placeholder='email']
18:06:06.270  INFO  manager.ListenerWD - After find element  --> By.cssSelector: input[placeholder='email']
18:06:06.391  INFO  manager.ListenerWD - Before find element  --> By.cssSelector: input[placeholder='Address']
18:06:06.403  INFO  manager.ListenerWD - After find element  --> By.cssSelector: input[placeholder='Address']
18:06:06.499  INFO  manager.ListenerWD - Before find element  --> By.cssSelector: input[placeholder='description']
18:06:06.510  INFO  manager.ListenerWD - After find element  --> By.cssSelector: input[placeholder='description']
18:06:06.604  INFO  manager.ListenerWD - Before find element  --> By.xpath: //b[text()='Save']
18:06:06.611  INFO  manager.ListenerWD - After find element  --> By.xpath: //b[text()='Save']
18:06:06.629  INFO  manager.ListenerWD - Before find elements  --> By.cssSelector: a.active[href='/add']
18:06:06.638  INFO  manager.ListenerWD - After find elements  --> By.cssSelector: a.active[href='/add']
18:06:06.638  INFO  manager.ListenerWD - List size is  --> 1
18:06:06.647  INFO  manager.ListenerWD - Tests have a 'problem'
18:06:06.647  INFO  manager.ListenerWD - -------------------------------------------------
18:06:06.647  INFO  manager.ListenerWD - Method methodalert
18:06:06.647  INFO  manager.ListenerWD - -------------------------------------------------
18:06:06.647  INFO  manager.ListenerWD - InvocationTargetException getTargetExceptionorg.openqa.selenium.NoAlertPresentException: no such alert
  (Session info: chrome=109.0.5414.120)
Build info: version: '4.7.1', revision: 'c6795baf1a3'
System info: os.name: 'Windows 11', os.arch: 'amd64', os.version: '10.0', java.version: '11.0.17'
Driver info: org.openqa.selenium.chrome.ChromeDriver
Command: [7e3c17a542fc61fa07034dd191665292, getAlertText {}]
Capabilities {acceptInsecureCerts: false, browserName: chrome, browserVersion: 109.0.5414.120, chrome: {chromedriverVersion: 109.0.5414.74 (e7c5703604da..., userDataDir: C:\Users\shulg\AppData\Loca...}, goog:chromeOptions: {debuggerAddress: localhost:54313}, networkConnectionEnabled: false, pageLoadStrategy: normal, platformName: WINDOWS, proxy: Proxy(), se:cdp: ws://localhost:54313/devtoo..., se:cdpVersion: 109.0.5414.120, setWindowRect: true, strictFileInteractability: false, timeouts: {implicit: 0, pageLoad: 300000, script: 30000}, unhandledPromptBehavior: dismiss and notify, webauthn:extension:credBlob: true, webauthn:extension:largeBlob: true, webauthn:virtualAuthenticators: true}
Session ID: 7e3c17a542fc61fa07034dd191665292
18:06:06.647  INFO  manager.ListenerWD - -------------------------------------------------
18:06:06.647  INFO  manager.ListenerWD - Object targetorg.openqa.selenium.remote.RemoteWebDriver$RemoteTargetLocator@47b4ac83
18:06:06.647  INFO  manager.ListenerWD - -------------------------------------------------
18:06:07.182  INFO  tests.TestBase - The name of starts method is --->registrationSuccess
18:06:07.183  INFO  manager.ListenerWD - Before find elements  --> By.xpath: //*[text()='Sign Out']
18:06:07.193  INFO  manager.ListenerWD - After find elements  --> By.xpath: //*[text()='Sign Out']
18:06:07.193  INFO  manager.ListenerWD - List size is  --> 1
18:06:07.193  INFO  manager.ListenerWD - Before find element  --> By.xpath: //*[text()='Sign Out']
18:06:07.209  INFO  manager.ListenerWD - After find element  --> By.xpath: //*[text()='Sign Out']
18:06:07.245  INFO  tests.TestBase - Registration with valid data: email:'dom" + i + "@gmail.com'  and password 'Tima1206$'
18:06:07.246  INFO  manager.ListenerWD - Before find element  --> By.cssSelector: a[href='/login']
18:06:07.266  INFO  manager.ListenerWD - After find element  --> By.cssSelector: a[href='/login']
18:06:07.304  INFO  manager.ListenerWD - Before find element  --> By.cssSelector: input[placeholder='Email']
18:06:07.321  INFO  manager.ListenerWD - After find element  --> By.cssSelector: input[placeholder='Email']
18:06:07.425  INFO  manager.ListenerWD - Before find element  --> By.cssSelector: input[placeholder='Password']
18:06:07.436  INFO  manager.ListenerWD - After find element  --> By.cssSelector: input[placeholder='Password']
18:06:09.542  INFO  manager.ListenerWD - Before find element  --> By.cssSelector: [name='registration']
18:06:09.558  INFO  manager.ListenerWD - After find element  --> By.cssSelector: [name='registration']
18:06:09.593  INFO  manager.ListenerWD - Before find elements  --> By.xpath: //*[text()='Sign Out']
18:06:09.861  INFO  manager.ListenerWD - After find elements  --> By.xpath: //*[text()='Sign Out']
18:06:09.861  INFO  manager.ListenerWD - List size is  --> 1
18:06:09.861  INFO  tests.TestBase - Tests success
18:06:09.861  INFO  tests.TestBase - ---------------------------------------------------------------------------------
18:06:09.863  INFO  tests.TestBase - The name of starts method is --->registrationUserAlreadyExists
18:06:09.864  INFO  manager.ListenerWD - Before find elements  --> By.xpath: //*[text()='Sign Out']
18:06:09.873  INFO  manager.ListenerWD - After find elements  --> By.xpath: //*[text()='Sign Out']
18:06:09.873  INFO  manager.ListenerWD - List size is  --> 1
18:06:09.873  INFO  manager.ListenerWD - Before find element  --> By.xpath: //*[text()='Sign Out']
18:06:09.883  INFO  manager.ListenerWD - After find element  --> By.xpath: //*[text()='Sign Out']
18:06:09.911  INFO  tests.TestBase - Registration with used data: email:'teddy1@gmail.com'  and password 'Teddy1206$'
18:06:09.911  INFO  manager.ListenerWD - Before find element  --> By.cssSelector: a[href='/login']
18:06:09.922  INFO  manager.ListenerWD - After find element  --> By.cssSelector: a[href='/login']
18:06:09.952  INFO  manager.ListenerWD - Before find element  --> By.cssSelector: input[placeholder='Email']
18:06:09.960  INFO  manager.ListenerWD - After find element  --> By.cssSelector: input[placeholder='Email']
18:06:10.049  INFO  manager.ListenerWD - Before find element  --> By.cssSelector: input[placeholder='Password']
18:06:10.056  INFO  manager.ListenerWD - After find element  --> By.cssSelector: input[placeholder='Password']
18:06:10.137  INFO  manager.ListenerWD - Before find element  --> By.cssSelector: [name='registration']
18:06:10.145  INFO  manager.ListenerWD - After find element  --> By.cssSelector: [name='registration']
18:06:10.167  INFO  manager.ListenerWD - Before find elements  --> By.xpath: //*[text()='Sign Out']
18:06:10.226  INFO  manager.ListenerWD - After find elements  --> By.xpath: //*[text()='Sign Out']
18:06:10.226  INFO  manager.ListenerWD - List size is  --> 0
18:06:10.239  INFO  tests.TestBase - Tests success
18:06:10.239  INFO  tests.TestBase - ---------------------------------------------------------------------------------
18:06:10.240  INFO  tests.TestBase - The name of starts method is --->registrationWrongEmail
18:06:10.240  INFO  manager.ListenerWD - Before find elements  --> By.xpath: //*[text()='Sign Out']
18:06:15.251  INFO  manager.ListenerWD - After find elements  --> By.xpath: //*[text()='Sign Out']
18:06:15.251  INFO  manager.ListenerWD - List size is  --> 0
18:06:15.251  INFO  tests.TestBase - Registration with wrong email data: email:'domgmail.com'  and password 'Tima1206$'
18:06:15.251  INFO  manager.ListenerWD - Before find element  --> By.cssSelector: a[href='/login']
18:06:15.258  INFO  manager.ListenerWD - After find element  --> By.cssSelector: a[href='/login']
18:06:15.272  INFO  manager.ListenerWD - Before find element  --> By.cssSelector: input[placeholder='Email']
18:06:15.286  INFO  manager.ListenerWD - After find element  --> By.cssSelector: input[placeholder='Email']
18:06:15.370  INFO  manager.ListenerWD - Before find element  --> By.cssSelector: input[placeholder='Password']
18:06:15.377  INFO  manager.ListenerWD - After find element  --> By.cssSelector: input[placeholder='Password']
18:06:15.453  INFO  manager.ListenerWD - Before find element  --> By.cssSelector: [name='registration']
18:06:15.459  INFO  manager.ListenerWD - After find element  --> By.cssSelector: [name='registration']
18:06:15.481  INFO  manager.ListenerWD - Before find elements  --> By.xpath: //*[text()='Sign Out']
18:06:15.542  INFO  manager.ListenerWD - After find elements  --> By.xpath: //*[text()='Sign Out']
18:06:15.542  INFO  manager.ListenerWD - List size is  --> 0
18:06:15.550  INFO  tests.TestBase - Tests success
18:06:15.550  INFO  tests.TestBase - ---------------------------------------------------------------------------------
18:06:15.551  INFO  tests.TestBase - The name of starts method is --->registrationWrongPassword
18:06:15.551  INFO  manager.ListenerWD - Before find elements  --> By.xpath: //*[text()='Sign Out']
18:06:20.574  INFO  manager.ListenerWD - After find elements  --> By.xpath: //*[text()='Sign Out']
18:06:20.574  INFO  manager.ListenerWD - List size is  --> 0
18:06:20.574  INFO  tests.TestBase - Registration with wrong password data: email:'dom@gmail.com'  and password 'Tim1'
18:06:20.574  INFO  manager.ListenerWD - Before find element  --> By.cssSelector: a[href='/login']
18:06:20.593  INFO  manager.ListenerWD - After find element  --> By.cssSelector: a[href='/login']
18:06:20.622  INFO  manager.ListenerWD - Before find element  --> By.cssSelector: input[placeholder='Email']
18:06:20.634  INFO  manager.ListenerWD - After find element  --> By.cssSelector: input[placeholder='Email']
18:06:20.718  INFO  manager.ListenerWD - Before find element  --> By.cssSelector: input[placeholder='Password']
18:06:20.727  INFO  manager.ListenerWD - After find element  --> By.cssSelector: input[placeholder='Password']
18:06:20.791  INFO  manager.ListenerWD - Before find element  --> By.cssSelector: [name='registration']
18:06:20.799  INFO  manager.ListenerWD - After find element  --> By.cssSelector: [name='registration']
18:06:20.820  INFO  manager.ListenerWD - Before find elements  --> By.xpath: //*[text()='Sign Out']
18:06:20.955  INFO  manager.ListenerWD - After find elements  --> By.xpath: //*[text()='Sign Out']
18:06:20.955  INFO  manager.ListenerWD - List size is  --> 0
18:06:20.968  INFO  tests.TestBase - Tests success
18:06:20.968  INFO  tests.TestBase - ---------------------------------------------------------------------------------
