20:01:56.744  INFO  manager.ApplicationManager - All tests star in Chrome Browser
20:02:00.642  INFO  manager.ApplicationManager - Current Url -->https://telranedu.web.app/home
20:02:00.656  INFO  manager.ListenerTNG - onStart---->Gradle test
20:02:00.792  INFO  tests.TestBase - The name of starts method is --->loginSuccessModelFromFile
20:02:00.802  INFO  manager.ListenerWD - Before find elements  --> By.xpath: //*[text()='Sign Out']
20:02:05.836  INFO  manager.ListenerWD - After find elements  --> By.xpath: //*[text()='Sign Out']
20:02:05.845  INFO  manager.ListenerWD - List size is  --> 0
20:02:05.846  INFO  manager.ListenerTNG - onTestStart---->loginSuccessModelFromFile
20:02:05.880  INFO  tests.TestBase - Tests start with user model-----User(email=noa@gmail.com, password=Nnoa12345$)
20:02:05.881  INFO  manager.ListenerWD - Before find element  --> By.cssSelector: a[href='/login']
20:02:05.952  INFO  manager.ListenerWD - After find element  --> By.cssSelector: a[href='/login']
20:02:06.152  INFO  manager.ListenerWD - Before find element  --> By.cssSelector: input[placeholder='Email']
20:02:06.181  INFO  manager.ListenerWD - After find element  --> By.cssSelector: input[placeholder='Email']
20:02:06.387  INFO  manager.ListenerWD - Before find element  --> By.cssSelector: input[placeholder='Password']
20:02:06.409  INFO  manager.ListenerWD - After find element  --> By.cssSelector: input[placeholder='Password']
20:02:08.536  INFO  manager.ListenerWD - Before find element  --> By.cssSelector: button[name='login']
20:02:08.555  INFO  manager.ListenerWD - After find element  --> By.cssSelector: button[name='login']
20:02:08.599  INFO  manager.ListenerWD - Before find elements  --> By.xpath: //*[text()='Sign Out']
20:02:09.180  INFO  manager.ListenerWD - After find elements  --> By.xpath: //*[text()='Sign Out']
20:02:09.180  INFO  manager.ListenerWD - List size is  --> 1
20:02:09.188  INFO  manager.ListenerTNG - onTestSuccessloginSuccessModelFromFile
20:02:09.189  INFO  tests.TestBase - The name of starts method is --->loginSuccessModelFromFile
20:02:09.190  INFO  manager.ListenerWD - Before find elements  --> By.xpath: //*[text()='Sign Out']
20:02:09.213  INFO  manager.ListenerWD - After find elements  --> By.xpath: //*[text()='Sign Out']
20:02:09.213  INFO  manager.ListenerWD - List size is  --> 1
20:02:09.214  INFO  manager.ListenerWD - Before find element  --> By.xpath: //*[text()='Sign Out']
20:02:09.232  INFO  manager.ListenerWD - After find element  --> By.xpath: //*[text()='Sign Out']
20:02:09.279  INFO  tests.TestBase - I need logout
20:02:09.279  INFO  manager.ListenerTNG - onTestStart---->loginSuccessModelFromFile
20:02:09.279  INFO  tests.TestBase - Tests start with user model-----User(email=sonya@gmail.com, password=Ss12345$)
20:02:09.280  INFO  manager.ListenerWD - Before find element  --> By.cssSelector: a[href='/login']
20:02:10.983  INFO  manager.ListenerWD - After find element  --> By.cssSelector: a[href='/login']
20:02:11.024  INFO  manager.ListenerWD - Before find element  --> By.cssSelector: input[placeholder='Email']
20:02:11.052  INFO  manager.ListenerWD - After find element  --> By.cssSelector: input[placeholder='Email']
20:02:11.162  INFO  manager.ListenerWD - Before find element  --> By.cssSelector: input[placeholder='Password']
20:02:11.179  INFO  manager.ListenerWD - After find element  --> By.cssSelector: input[placeholder='Password']
20:02:13.350  INFO  manager.ListenerWD - Before find element  --> By.cssSelector: button[name='login']
20:02:13.378  INFO  manager.ListenerWD - After find element  --> By.cssSelector: button[name='login']
20:02:13.409  INFO  manager.ListenerWD - Before find elements  --> By.xpath: //*[text()='Sign Out']
20:02:13.672  INFO  manager.ListenerWD - After find elements  --> By.xpath: //*[text()='Sign Out']
20:02:13.672  INFO  manager.ListenerWD - List size is  --> 1
20:02:13.673  INFO  manager.ListenerTNG - onTestSuccessloginSuccessModelFromFile
20:02:13.674  INFO  tests.TestBase - The name of starts method is --->loginSuccessModelFromFile
20:02:13.675  INFO  manager.ListenerWD - Before find elements  --> By.xpath: //*[text()='Sign Out']
20:02:13.694  INFO  manager.ListenerWD - After find elements  --> By.xpath: //*[text()='Sign Out']
20:02:13.694  INFO  manager.ListenerWD - List size is  --> 1
20:02:13.694  INFO  manager.ListenerWD - Before find element  --> By.xpath: //*[text()='Sign Out']
20:02:13.711  INFO  manager.ListenerWD - After find element  --> By.xpath: //*[text()='Sign Out']
20:02:13.743  INFO  tests.TestBase - I need logout
20:02:13.744  INFO  manager.ListenerTNG - onTestStart---->loginSuccessModelFromFile
20:02:13.746  INFO  tests.TestBase - Tests start with user model-----User(email=noa@gmail.com, password=Nnoa12345$)
20:02:13.747  INFO  manager.ListenerWD - Before find element  --> By.cssSelector: a[href='/login']
20:02:13.766  INFO  manager.ListenerWD - After find element  --> By.cssSelector: a[href='/login']
20:02:13.792  INFO  manager.ListenerWD - Before find element  --> By.cssSelector: input[placeholder='Email']
20:02:13.806  INFO  manager.ListenerWD - After find element  --> By.cssSelector: input[placeholder='Email']
20:02:13.890  INFO  manager.ListenerWD - Before find element  --> By.cssSelector: input[placeholder='Password']
20:02:13.906  INFO  manager.ListenerWD - After find element  --> By.cssSelector: input[placeholder='Password']
20:02:16.004  INFO  manager.ListenerWD - Before find element  --> By.cssSelector: button[name='login']
20:02:16.021  INFO  manager.ListenerWD - After find element  --> By.cssSelector: button[name='login']
20:02:16.053  INFO  manager.ListenerWD - Before find elements  --> By.xpath: //*[text()='Sign Out']
20:02:16.315  INFO  manager.ListenerWD - After find elements  --> By.xpath: //*[text()='Sign Out']
20:02:16.316  INFO  manager.ListenerWD - List size is  --> 1
20:02:16.316  INFO  manager.ListenerTNG - onTestSuccessloginSuccessModelFromFile
20:02:16.325  INFO  manager.ListenerTNG - onFinish---->Gradle test
