19:10:46.496  INFO  manager.ApplicationManager - All tests star in Chrome Browser
19:10:48.201  INFO  manager.ApplicationManager - Current Url -->https://telranedu.web.app/home
19:10:48.209  INFO  manager.ListenerTNG - onStart---->Gradle test
19:10:48.259  INFO  tests.TestBase - The name of starts method is --->loginSuccessModel
19:10:48.261  INFO  manager.ListenerWD - Before find elements  --> By.xpath: //*[text()='Sign Out']
19:10:53.325  INFO  manager.ListenerWD - After find elements  --> By.xpath: //*[text()='Sign Out']
19:10:53.327  INFO  manager.ListenerWD - List size is  --> 0
19:10:53.329  INFO  manager.ListenerTNG - onTestStart---->loginSuccessModel
19:10:53.336  INFO  manager.ListenerWD - Before find element  --> By.cssSelector: a[href='/l']
19:10:58.387  INFO  manager.ListenerWD - Tests have a 'problem'
19:10:58.387  INFO  manager.ListenerWD - -------------------------------------------------
19:10:58.387  INFO  manager.ListenerWD - Method methodfindElement
19:10:58.388  INFO  manager.ListenerWD - -------------------------------------------------
19:10:58.391  INFO  manager.ListenerWD - InvocationTargetException getTargetExceptionorg.openqa.selenium.NoSuchElementException: no such element: Unable to locate element: {"method":"css selector","selector":"a[href='/l']"}
  (Session info: chrome=109.0.5414.120)
For documentation on this error, please visit: https://selenium.dev/exceptions/#no_such_element
Build info: version: '4.7.1', revision: 'c6795baf1a3'
System info: os.name: 'Windows 11', os.arch: 'amd64', os.version: '10.0', java.version: '11.0.17'
Driver info: org.openqa.selenium.chrome.ChromeDriver
Command: [cf460aafdf70605787fe1b0899e20b04, findElement {using=css selector, value=a[href='/l']}]
Capabilities {acceptInsecureCerts: false, browserName: chrome, browserVersion: 109.0.5414.120, chrome: {chromedriverVersion: 109.0.5414.74 (e7c5703604da..., userDataDir: C:\Users\shulg\AppData\Loca...}, goog:chromeOptions: {debuggerAddress: localhost:61691}, networkConnectionEnabled: false, pageLoadStrategy: normal, platformName: WINDOWS, proxy: Proxy(), se:cdp: ws://localhost:61691/devtoo..., se:cdpVersion: 109.0.5414.120, setWindowRect: true, strictFileInteractability: false, timeouts: {implicit: 0, pageLoad: 300000, script: 30000}, unhandledPromptBehavior: dismiss and notify, webauthn:extension:credBlob: true, webauthn:extension:largeBlob: true, webauthn:virtualAuthenticators: true}
Session ID: cf460aafdf70605787fe1b0899e20b04
19:10:58.391  INFO  manager.ListenerWD - -------------------------------------------------
19:10:58.392  INFO  manager.ListenerWD - Object targetChromeDriver: chrome on WINDOWS (cf460aafdf70605787fe1b0899e20b04)
19:10:58.392  INFO  manager.ListenerWD - -------------------------------------------------
19:10:58.399  INFO  manager.ListenerWD - Screen with error is----->src/test/screenshots/screen-1536.png
19:10:58.787  INFO  manager.ListenerTNG - onTestFailure---->loginSuccessModel
19:10:58.792  INFO  manager.ListenerTNG - onFinish---->Gradle test
