13:55:04.676  INFO  manager.ApplicationManager - All tests star in Chrome Browser
13:55:06.262  INFO  manager.ApplicationManager - Current Url -->https://telranedu.web.app/home
13:55:06.267  INFO  manager.ListenerTNG - onStart---->Gradle test
13:55:06.294  INFO  tests.TestBase - The name of starts method is --->loginSuccess
13:55:06.296  INFO  manager.ListenerWD - Before find elements  --> By.xpath: //*[text()='Sign Out']
13:55:11.355  INFO  manager.ListenerWD - After find elements  --> By.xpath: //*[text()='Sign Out']
13:55:11.355  INFO  manager.ListenerWD - List size is  --> 0
13:55:11.371  INFO  manager.ListenerTNG - onTestStart---->loginSuccess
13:55:11.393  INFO  tests.TestBase - Login with valid data: email: teddy1@gmail.com& password: Teddy1206$
13:55:11.393  INFO  manager.ListenerWD - Before find element  --> By.cssSelector: a[href='/login']
13:55:11.455  INFO  manager.ListenerWD - After find element  --> By.cssSelector: a[href='/login']
13:55:12.025  INFO  manager.ListenerWD - Before find element  --> By.cssSelector: input[placeholder='Email']
13:55:12.044  INFO  manager.ListenerWD - After find element  --> By.cssSelector: input[placeholder='Email']
13:55:12.263  INFO  manager.ListenerWD - Before find element  --> By.cssSelector: input[placeholder='Password']
13:55:12.281  INFO  manager.ListenerWD - After find element  --> By.cssSelector: input[placeholder='Password']
13:55:12.414  INFO  manager.ListenerWD - Before find element  --> By.cssSelector: button[name='login']
13:55:12.433  INFO  manager.ListenerWD - After find element  --> By.cssSelector: button[name='login']
13:55:12.461  INFO  manager.ListenerWD - Before find elements  --> By.xpath: //*[text()='Sign Out']
13:55:13.005  INFO  manager.ListenerWD - After find elements  --> By.xpath: //*[text()='Sign Out']
13:55:13.005  INFO  manager.ListenerWD - List size is  --> 1
13:55:13.005  INFO  tests.TestBase - Tests success
13:55:13.005  INFO  tests.TestBase - ---------------------------------------------------------------------------------
13:55:13.012  INFO  manager.ListenerTNG - onTestSuccessloginSuccess
13:55:13.012  INFO  tests.TestBase - The name of starts method is --->loginSuccess
13:55:13.014  INFO  manager.ListenerWD - Before find elements  --> By.xpath: //*[text()='Sign Out']
13:55:13.042  INFO  manager.ListenerWD - After find elements  --> By.xpath: //*[text()='Sign Out']
13:55:13.043  INFO  manager.ListenerWD - List size is  --> 1
13:55:13.043  INFO  manager.ListenerWD - Before find element  --> By.xpath: //*[text()='Sign Out']
13:55:13.063  INFO  manager.ListenerWD - After find element  --> By.xpath: //*[text()='Sign Out']
13:55:13.101  INFO  tests.TestBase - I need logout
13:55:13.102  INFO  manager.ListenerTNG - onTestStart---->loginSuccess
13:55:13.102  INFO  tests.TestBase - Login with valid data: email: sonya@gmail.com& password: Ss12345$
13:55:13.102  INFO  manager.ListenerWD - Before find element  --> By.cssSelector: a[href='/login']
13:55:13.119  INFO  manager.ListenerWD - After find element  --> By.cssSelector: a[href='/login']
13:55:13.163  INFO  manager.ListenerWD - Before find element  --> By.cssSelector: input[placeholder='Email']
13:55:13.184  INFO  manager.ListenerWD - After find element  --> By.cssSelector: input[placeholder='Email']
13:55:13.300  INFO  manager.ListenerWD - Before find element  --> By.cssSelector: input[placeholder='Password']
13:55:13.317  INFO  manager.ListenerWD - After find element  --> By.cssSelector: input[placeholder='Password']
13:55:13.447  INFO  manager.ListenerWD - Before find element  --> By.cssSelector: button[name='login']
13:55:13.458  INFO  manager.ListenerWD - After find element  --> By.cssSelector: button[name='login']
13:55:13.484  INFO  manager.ListenerWD - Before find elements  --> By.xpath: //*[text()='Sign Out']
13:55:13.764  INFO  manager.ListenerWD - After find elements  --> By.xpath: //*[text()='Sign Out']
13:55:13.764  INFO  manager.ListenerWD - List size is  --> 1
13:55:13.765  INFO  tests.TestBase - Tests success
13:55:13.765  INFO  tests.TestBase - ---------------------------------------------------------------------------------
13:55:13.765  INFO  manager.ListenerTNG - onTestSuccessloginSuccess
13:55:13.767  INFO  tests.TestBase - The name of starts method is --->loginSuccess
13:55:13.768  INFO  manager.ListenerWD - Before find elements  --> By.xpath: //*[text()='Sign Out']
13:55:13.792  INFO  manager.ListenerWD - After find elements  --> By.xpath: //*[text()='Sign Out']
13:55:13.792  INFO  manager.ListenerWD - List size is  --> 1
13:55:13.792  INFO  manager.ListenerWD - Before find element  --> By.xpath: //*[text()='Sign Out']
13:55:13.810  INFO  manager.ListenerWD - After find element  --> By.xpath: //*[text()='Sign Out']
13:55:13.845  INFO  tests.TestBase - I need logout
13:55:13.847  INFO  manager.ListenerTNG - onTestStart---->loginSuccess
13:55:13.848  INFO  tests.TestBase - Login with valid data: email: noa@gmail.com& password: Nnoa12345$
13:55:13.853  INFO  manager.ListenerWD - Before find element  --> By.cssSelector: a[href='/login']
13:55:13.869  INFO  manager.ListenerWD - After find element  --> By.cssSelector: a[href='/login']
13:55:13.901  INFO  manager.ListenerWD - Before find element  --> By.cssSelector: input[placeholder='Email']
13:55:13.916  INFO  manager.ListenerWD - After find element  --> By.cssSelector: input[placeholder='Email']
13:55:14.163  INFO  manager.ListenerWD - Before find element  --> By.cssSelector: input[placeholder='Password']
13:55:14.175  INFO  manager.ListenerWD - After find element  --> By.cssSelector: input[placeholder='Password']
13:55:14.286  INFO  manager.ListenerWD - Before find element  --> By.cssSelector: button[name='login']
13:55:14.295  INFO  manager.ListenerWD - After find element  --> By.cssSelector: button[name='login']
13:55:14.320  INFO  manager.ListenerWD - Before find elements  --> By.xpath: //*[text()='Sign Out']
13:55:14.482  INFO  manager.ListenerWD - After find elements  --> By.xpath: //*[text()='Sign Out']
13:55:14.482  INFO  manager.ListenerWD - List size is  --> 1
13:55:14.483  INFO  tests.TestBase - Tests success
13:55:14.483  INFO  tests.TestBase - ---------------------------------------------------------------------------------
13:55:14.483  INFO  manager.ListenerTNG - onTestSuccessloginSuccess
13:55:14.486  INFO  manager.ListenerTNG - onFinish---->Gradle test
